                      :-) GROMACS - gmx mdrun, 2024.3 (-:

Copyright 1991-2024 The GROMACS Authors.
GROMACS is free software; you can redistribute it and/or modify it
under the terms of the GNU Lesser General Public License
as published by the Free Software Foundation; either version 2.1
of the License, or (at your option) any later version.

                         Current GROMACS contributors:
       Mark Abraham           Andrey Alekseenko           Vladimir Basov      
      Cathrine Bergh            Eliane Briand               Ania Brown        
      Mahesh Doijade            Giacomo Fiorin          Stefan Fleischmann    
      Sergey Gorelov         Gilles Gouaillardet            Alan Gray         
     M. Eric Irrgang         Farzaneh Jalalypour            Joe Jordan        
     Carsten Kutzner           Justin A. Lemkul          Magnus Lundborg      
       Pascal Merz              Vedran Miletic            Dmitry Morozov      
       Julien Nabet              Szilard Pall        Andrea Pasquadibisceglie 
    Michele Pellegrino          Hubert Santuz             Roland Schulz       
     Tatiana Shugaeva          Alexey Shvetsov            Philip Turner       
     Alessandra Villa      Sebastian Wingbermuehle  

                         Previous GROMACS contributors:
        Emile Apol             Rossen Apostolov           James Barnett       
        Paul Bauer          Herman J.C. Berendsen          Par Bjelkmar       
      Christian Blau          Viacheslav Bolnykh            Kevin Boyd        
    Aldert van Buuren          Carlo Camilloni           Rudi van Drunen      
      Anton Feenstra           Oliver Fleetwood            Vytas Gapsys       
       Gaurav Garg             Gerrit Groenhof            Bert de Groot       
      Anca Hamuraru           Vincent Hindriksen          Victor Holanda      
     Aleksei Iupinov          Christoph Junghans        Prashanth Kanduri     
   Dimitrios Karkoulis           Peter Kasson             Sebastian Kehl      
     Sebastian Keller             Jiri Kraus               Per Larsson        
      Viveca Lindahl            Erik Marklund           Pieter Meulenhoff     
      Teemu Murtola              Sander Pronk             Michael Shirts      
      Alfons Sijbers            Balint Soproni         David van der Spoel    
      Peter Tieleman            Carsten Uphoff             Jon Vincent        
     Teemu Virolainen         Christian Wennberg           Maarten Wolf       
      Artem Zhmurov       

                  Coordinated by the GROMACS project leaders:
                           Berk Hess and Erik Lindahl

GROMACS:      gmx mdrun, version 2024.3
Executable:   /home/vojta/build/spack/20241108-git/opt/spack/linux-archrolling-skylake_avx512/gcc-13.3.0/gromacs-2024.3-ewjq7mic6tftzsjj675pvajllpmbk2dj/bin/gmx
Data prefix:  /home/vojta/build/spack/20241108-git/opt/spack/linux-archrolling-skylake_avx512/gcc-13.3.0/gromacs-2024.3-ewjq7mic6tftzsjj675pvajllpmbk2dj
Working dir:  /home/vojta/code/BayesicForceFields/examples/acetate/03-training-trjs/trainset
Process ID:   933564
Command line:
  gmx mdrun -s /home/vojta/code/BayesicForceFields/examples/acetate/03-training-trjs/trainset/md-0-0.tpr -deffnm /home/vojta/code/BayesicForceFields/examples/acetate/03-training-trjs/trainset/md-0-0 -nsteps 20000 -dlb yes -ntmpi 1

GROMACS version:     2024.3
Precision:           mixed
Memory model:        64 bit
MPI library:         thread_mpi
OpenMP support:      enabled (GMX_OPENMP_MAX_THREADS = 128)
GPU support:         CUDA
NBNxM GPU setup:     super-cluster 2x2x2 / cluster 8
SIMD instructions:   AVX_512
CPU FFT library:     fftw-3.3.10-sse2-avx-avx2-avx2_128-avx512
GPU FFT library:     cuFFT
Multi-GPU FFT:       none
RDTSCP usage:        enabled
TNG support:         enabled
Hwloc support:       hwloc-2.11.1
Tracing support:     disabled
C compiler:          /home/vojta/build/spack/20241108-git/lib/spack/env/gcc/gcc GNU 13.3.0
C compiler flags:    -fexcess-precision=fast -funroll-all-loops -march=skylake-avx512 -Wno-missing-field-initializers -O3 -DNDEBUG
C++ compiler:        /home/vojta/build/spack/20241108-git/lib/spack/env/gcc/g++ GNU 13.3.0
C++ compiler flags:  -fexcess-precision=fast -funroll-all-loops -march=skylake-avx512 -Wno-missing-field-initializers -Wno-cast-function-type-strict SHELL:-fopenmp -O3 -DNDEBUG
BLAS library:        External - user-supplied
LAPACK library:      External - user-supplied
CUDA compiler:       /home/vojta/build/spack/20241108-git/opt/spack/linux-archrolling-skylake_avx512/gcc-13.3.0/cuda-12.6.2-plz5zr3jgy5q3kfdjopgcugs77axgokb/bin/nvcc nvcc: NVIDIA (R) Cuda compiler driver;Copyright (c) 2005-2024 NVIDIA Corporation;Built on Thu_Sep_12_02:18:05_PDT_2024;Cuda compilation tools, release 12.6, V12.6.77;Build cuda_12.6.r12.6/compiler.34841621_0
CUDA compiler flags:-std=c++17;--generate-code=arch=compute_50,code=sm_50;--generate-code=arch=compute_52,code=sm_52;--generate-code=arch=compute_60,code=sm_60;--generate-code=arch=compute_61,code=sm_61;--generate-code=arch=compute_70,code=sm_70;--generate-code=arch=compute_75,code=sm_75;--generate-code=arch=compute_80,code=sm_80;--generate-code=arch=compute_86,code=sm_86;--generate-code=arch=compute_89,code=sm_89;--generate-code=arch=compute_90,code=sm_90;-Wno-deprecated-gpu-targets;--generate-code=arch=compute_53,code=sm_53;--generate-code=arch=compute_80,code=sm_80;-use_fast_math;-Xptxas;-warn-double-usage;-Xptxas;-Werror;-D_FORCE_INLINES;-Xcompiler;-fopenmp;-fexcess-precision=fast -funroll-all-loops -march=skylake-avx512 -Wno-missing-field-initializers -Wno-cast-function-type-strict SHELL:-fopenmp -O3 -DNDEBUG
CUDA driver:         12.60
CUDA runtime:        12.60


Running on 1 node with total 6 cores, 12 processing units, 1 compatible GPU
Hardware detected on host ada:
  CPU info:
    Vendor: Intel
    Brand:  Intel(R) Core(TM) i7-7800X CPU @ 3.50GHz
    Family: 6   Model: 85   Stepping: 4
    Features: aes apic avx avx2 avx512f avx512cd avx512bw avx512vl avx512secondFMA clfsh cmov cx8 cx16 f16c fma hle htt intel lahf mmx msr nonstop_tsc pcid pclmuldq pdcm pdpe1gb popcnt pse rdrnd rdtscp rtm sse2 sse3 sse4.1 sse4.2 ssse3 tdt x2apic
    Number of AVX-512 FMA units: 2
  Hardware topology: Full, with devices
    Packages, cores, and logical processors:
    [indices refer to OS logical processors]
      Package  0: [   0   6] [   1   7] [   2   8] [   3   9] [   4  10] [   5  11]
    CPU limit set by OS: -1   Recommended max number of threads: 12
    Numa nodes:
      Node  0 (67095887872 bytes mem):   0   6   1   7   2   8   3   9   4  10   5  11
      Latency:
               0
         0  1.00
    Caches:
      L1: 32768 bytes, linesize 64 bytes, assoc. 8, shared 2 ways
      L2: 1048576 bytes, linesize 64 bytes, assoc. 16, shared 2 ways
      L3: 8650752 bytes, linesize 64 bytes, assoc. 11, shared 12 ways
    PCI devices:
      0000:00:17.0  Id: 8086:a282  Class: 0x0106  Numa: 0
      0000:01:00.0  Id: 2646:5008  Class: 0x0108  Numa: 0
      0000:00:1f.6  Id: 8086:15b8  Class: 0x0200  Numa: 0
      0000:65:00.0  Id: 10de:2216  Class: 0x0300  Numa: 0
  GPU info:
    Number of GPUs detected: 1
    #0: NVIDIA NVIDIA GeForce RTX 3080, compute cap.: 8.6, ECC:  no, stat: compatible


++++ PLEASE READ AND CITE THE FOLLOWING REFERENCE ++++
M. J. Abraham, T. Murtola, R. Schulz, S. Páll, J. C. Smith, B. Hess, E.
Lindahl
GROMACS: High performance molecular simulations through multi-level
parallelism from laptops to supercomputers
SoftwareX 1 (2015) pp. 19-25
-------- -------- --- Thank You --- -------- --------


++++ PLEASE READ AND CITE THE FOLLOWING REFERENCE ++++
S. Páll, M. J. Abraham, C. Kutzner, B. Hess, E. Lindahl
Tackling Exascale Software Challenges in Molecular Dynamics Simulations with
GROMACS
In S. Markidis & E. Laure (Eds.), Solving Software Challenges for Exascale 8759 (2015) pp. 3-27
-------- -------- --- Thank You --- -------- --------


++++ PLEASE READ AND CITE THE FOLLOWING REFERENCE ++++
S. Pronk, S. Páll, R. Schulz, P. Larsson, P. Bjelkmar, R. Apostolov, M. R.
Shirts, J. C. Smith, P. M. Kasson, D. van der Spoel, B. Hess, and E. Lindahl
GROMACS 4.5: a high-throughput and highly parallel open source molecular
simulation toolkit
Bioinformatics 29 (2013) pp. 845-54
-------- -------- --- Thank You --- -------- --------


++++ PLEASE READ AND CITE THE FOLLOWING REFERENCE ++++
B. Hess and C. Kutzner and D. van der Spoel and E. Lindahl
GROMACS 4: Algorithms for highly efficient, load-balanced, and scalable
molecular simulation
J. Chem. Theory Comput. 4 (2008) pp. 435-447
-------- -------- --- Thank You --- -------- --------


++++ PLEASE READ AND CITE THE FOLLOWING REFERENCE ++++
D. van der Spoel, E. Lindahl, B. Hess, G. Groenhof, A. E. Mark and H. J. C.
Berendsen
GROMACS: Fast, Flexible and Free
J. Comp. Chem. 26 (2005) pp. 1701-1719
-------- -------- --- Thank You --- -------- --------


++++ PLEASE READ AND CITE THE FOLLOWING REFERENCE ++++
E. Lindahl and B. Hess and D. van der Spoel
GROMACS 3.0: A package for molecular simulation and trajectory analysis
J. Mol. Mod. 7 (2001) pp. 306-317
-------- -------- --- Thank You --- -------- --------


++++ PLEASE READ AND CITE THE FOLLOWING REFERENCE ++++
H. J. C. Berendsen, D. van der Spoel and R. van Drunen
GROMACS: A message-passing parallel molecular dynamics implementation
Comp. Phys. Comm. 91 (1995) pp. 43-56
-------- -------- --- Thank You --- -------- --------


++++ PLEASE CITE THE DOI FOR THIS VERSION OF GROMACS ++++
https://doi.org/10.5281/zenodo.13456374
-------- -------- --- Thank You --- -------- --------

Input Parameters:
   integrator                     = md
   tinit                          = 0
   dt                             = 0.002
   nsteps                         = 500000
   init-step                      = 0
   simulation-part                = 1
   mts                            = false
   mass-repartition-factor        = 1
   comm-mode                      = Linear
   nstcomm                        = 100
   bd-fric                        = 0
   ld-seed                        = -268484611
   emtol                          = 10
   emstep                         = 0.01
   niter                          = 20
   fcstep                         = 0
   nstcgsteep                     = 1000
   nbfgscorr                      = 10
   rtpi                           = 0.05
   nstxout                        = 0
   nstvout                        = 0
   nstfout                        = 0
   nstlog                         = 500
   nstcalcenergy                  = 100
   nstenergy                      = 500
   nstxout-compressed             = 5000
   compressed-x-precision         = 1000
   cutoff-scheme                  = Verlet
   nstlist                        = 10
   pbc                            = xyz
   periodic-molecules             = false
   verlet-buffer-tolerance        = 0.005
   verlet-buffer-pressure-tolerance = 0.5
   rlist                          = 0.707
   coulombtype                    = PME
   coulomb-modifier               = Potential-shift
   rcoulomb-switch                = 0
   rcoulomb                       = 0.7
   epsilon-r                      = 1
   epsilon-rf                     = inf
   vdw-type                       = PME
   vdw-modifier                   = Potential-shift
   rvdw-switch                    = 0
   rvdw                           = 0.7
   DispCorr                       = No
   table-extension                = 1
   fourierspacing                 = 0.12
   fourier-nx                     = 14
   fourier-ny                     = 14
   fourier-nz                     = 14
   pme-order                      = 4
   ewald-rtol                     = 1e-05
   ewald-rtol-lj                  = 0.001
   lj-pme-comb-rule               = Geometric
   ewald-geometry                 = 3d
   epsilon-surface                = 0
   ensemble-temperature-setting   = constant
   ensemble-temperature           = 300
   tcoupl                         = V-rescale
   nsttcouple                     = 100
   nh-chain-length                = 0
   print-nose-hoover-chain-variables = false
   pcoupl                         = No
   refcoord-scaling               = No
   posres-com (3):
      posres-com[0]= 0.00000e+00
      posres-com[1]= 0.00000e+00
      posres-com[2]= 0.00000e+00
   posres-comB (3):
      posres-comB[0]= 0.00000e+00
      posres-comB[1]= 0.00000e+00
      posres-comB[2]= 0.00000e+00
   QMMM                           = false
qm-opts:
   ngQM                           = 0
   constraint-algorithm           = Lincs
   continuation                   = false
   Shake-SOR                      = false
   shake-tol                      = 0.0001
   lincs-order                    = 4
   lincs-iter                     = 1
   lincs-warnangle                = 30
   nwall                          = 0
   wall-type                      = 9-3
   wall-r-linpot                  = -1
   wall-atomtype[0]               = -1
   wall-atomtype[1]               = -1
   wall-density[0]                = 0
   wall-density[1]                = 0
   wall-ewald-zfac                = 3
   pull                           = false
   awh                            = false
   rotation                       = false
   interactiveMD                  = false
   disre                          = No
   disre-weighting                = Conservative
   disre-mixed                    = false
   dr-fc                          = 1000
   dr-tau                         = 0
   nstdisreout                    = 100
   orire-fc                       = 0
   orire-tau                      = 0
   nstorireout                    = 100
   free-energy                    = no
   cos-acceleration               = 0
   deform (3x3):
      deform[    0]={ 0.00000e+00,  0.00000e+00,  0.00000e+00}
      deform[    1]={ 0.00000e+00,  0.00000e+00,  0.00000e+00}
      deform[    2]={ 0.00000e+00,  0.00000e+00,  0.00000e+00}
   simulated-tempering            = false
   swapcoords                     = no
   userint1                       = 0
   userint2                       = 0
   userint3                       = 0
   userint4                       = 0
   userreal1                      = 0
   userreal2                      = 0
   userreal3                      = 0
   userreal4                      = 0
   applied-forces:
     electric-field:
       x:
         E0                       = 0
         omega                    = 0
         t0                       = 0
         sigma                    = 0
       y:
         E0                       = 0
         omega                    = 0
         t0                       = 0
         sigma                    = 0
       z:
         E0                       = 0
         omega                    = 0
         t0                       = 0
         sigma                    = 0
     density-guided-simulation:
       active                     = false
       group                      = protein
       similarity-measure         = inner-product
       atom-spreading-weight      = unity
       force-constant             = 1e+09
       gaussian-transform-spreading-width = 0.2
       gaussian-transform-spreading-range-in-multiples-of-width = 4
       reference-density-filename = reference.mrc
       nst                        = 1
       normalize-densities        = true
       adaptive-force-scaling     = false
       adaptive-force-scaling-time-constant = 4
       shift-vector               = 
       transformation-matrix      = 
     qmmm-cp2k:
       active                     = false
       qmgroup                    = System
       qmmethod                   = PBE
       qmfilenames                = 
       qmcharge                   = 0
       qmmultiplicity             = 1
     colvars:
       active                     = false
       configfile                 = 
       seed                       = -1
grpopts:
   nrdf:         783
   ref-t:         300
   tau-t:           1
annealing:          No
annealing-npoints:           0
   acc:	           0           0           0
   nfreeze:           N           N           N
   energygrp-flags[  0]: 0

The -nsteps functionality is deprecated, and may be removed in a future version. Consider using gmx convert-tpr -nsteps or changing the appropriate .mdp file field.

Overriding nsteps with value passed on the command line: 20000 steps, 40 ps
Changing nstlist from 10 to 25, rlist from 0.707 to 0.772


Update groups can not be used for this system because atoms that are (in)directly constrained together are interdispersed with other atoms

Update task can not run on the GPU, because the following condition(s) were not satisfied:

Virtual sites are not supported.

1 GPU selected for this run.
Mapping of GPU IDs to the 1 GPU task in the 1 rank on this node:
  PP:0
PP tasks will do (non-perturbed) short-ranged and most bonded interactions on the GPU
PP task will update and constrain coordinates on the CPU
Using 1 MPI thread
Using 12 OpenMP threads 

System total charge: -0.800
Will do PME sum in reciprocal space for LJ dispersion interactions.

++++ PLEASE READ AND CITE THE FOLLOWING REFERENCE ++++
U. Essmann, L. Perera, M. L. Berkowitz, T. Darden, H. Lee and L. G. Pedersen 
A smooth particle mesh Ewald method
J. Chem. Phys. 103 (1995) pp. 8577-8592
-------- -------- --- Thank You --- -------- --------

Using a Gaussian width (1/beta) of 0.208896 nm for LJ Ewald
Will do PME sum in reciprocal space for electrostatic interactions.

++++ PLEASE READ AND CITE THE FOLLOWING REFERENCE ++++
U. Essmann, L. Perera, M. L. Berkowitz, T. Darden, H. Lee and L. G. Pedersen 
A smooth particle mesh Ewald method
J. Chem. Phys. 103 (1995) pp. 8577-8592
-------- -------- --- Thank You --- -------- --------

Using a Gaussian width (1/beta) of 0.224114 nm for Ewald
Potential shift: LJ r^-12: -7.225e+01 r^-6: -8.500e-03, Ewald -1.429e-05
Initialized non-bonded Coulomb Ewald tables, spacing: 7.81e-04 size: 898

Using shifted Lennard-Jones, switch between 0 and 0.7 nm
Generated table with 886 data points for 1-4 COUL.
Tabscale = 500 points/nm
Generated table with 886 data points for 1-4 LJ6.
Tabscale = 500 points/nm
Generated table with 886 data points for 1-4 LJ12.
Tabscale = 500 points/nm


Using GPU 8x8 nonbonded short-range kernels

Using a dual 8x8 pair-list setup updated with dynamic, rolling pruning:
  outer list: updated every 25 steps, buffer 0.072 nm, rlist 0.772 nm
  inner list: updated every  8 steps, buffer 0.006 nm, rlist 0.706 nm
At tolerance 0.005 kJ/mol/ps per atom, equivalent classical 1x1 list would be:
  outer list: updated every 25 steps, buffer 0.150 nm, rlist 0.850 nm
  inner list: updated every  8 steps, buffer 0.037 nm, rlist 0.737 nm

The average pressure is off by at most 0.01 bar due to missing LJ interactions
Removing pbc first time

Pinning threads with an auto-selected logical cpu stride of 1

Initializing LINear Constraint Solver

++++ PLEASE READ AND CITE THE FOLLOWING REFERENCE ++++
B. Hess and H. Bekker and H. J. C. Berendsen and J. G. E. M. Fraaije
LINCS: A Linear Constraint Solver for molecular simulations
J. Comp. Chem. 18 (1997) pp. 1463-1472
-------- -------- --- Thank You --- -------- --------

The number of constraints is 3

++++ PLEASE READ AND CITE THE FOLLOWING REFERENCE ++++
S. Miyamoto and P. A. Kollman
SETTLE: An Analytical Version of the SHAKE and RATTLE Algorithms for Rigid
Water Models
J. Comp. Chem. 13 (1992) pp. 952-962
-------- -------- --- Thank You --- -------- --------


++++ PLEASE READ AND CITE THE FOLLOWING REFERENCE ++++
G. Bussi, D. Donadio and M. Parrinello
Canonical sampling through velocity rescaling
J. Chem. Phys. 126 (2007) pp. 014101
-------- -------- --- Thank You --- -------- --------

There are: 391 Atoms
There are: 128 VSites

Constraining the starting coordinates (step 0)

Constraining the coordinates at t0-dt (step 0)
Center of mass motion removal mode is Linear
We have the following groups for center of mass motion removal:
  0:  rest
RMS relative constraint deviation after constraining: 1.69e-07
Initial temperature: 1.64467e-08 K

Started mdrun on rank 0 Thu Dec 18 16:20:06 2025

           Step           Time
              0        0.00000

   Energies (kJ/mol)
           Bond            U-B    Proper Dih.  Improper Dih.          LJ-14
    2.08740e+00    4.89449e+00    5.62360e-01    1.11804e-01    2.62008e+00
     Coulomb-14        LJ (SR)   Coulomb (SR)   Coul. recip.      LJ recip.
   -4.74701e+02    2.49825e+03   -8.17791e+03    1.18347e+02   -1.45046e+03
      Potential    Kinetic En.   Total Energy  Conserved En.    Temperature
   -7.47621e+03    7.97949e-02   -7.47613e+03   -7.47613e+03    2.45137e-02
 Pressure (bar)   Constr. rmsd
   -5.31248e+03    9.73340e-08

           Step           Time
            500        1.00000

   Energies (kJ/mol)
           Bond            U-B    Proper Dih.  Improper Dih.          LJ-14
    2.04981e+00    1.05178e+01    1.35698e-01    3.23781e-01    1.18769e+00
     Coulomb-14        LJ (SR)   Coulomb (SR)   Coul. recip.      LJ recip.
   -4.54064e+02    2.75853e+03   -8.42955e+03    1.13158e+02   -1.45530e+03
      Potential    Kinetic En.   Total Energy  Conserved En.    Temperature
   -7.45301e+03    5.61708e+02   -6.89130e+03   -7.46753e+03    1.72562e+02
 Pressure (bar)   Constr. rmsd
   -7.10156e+02    2.96689e-06

           Step           Time
           1000        2.00000

   Energies (kJ/mol)
           Bond            U-B    Proper Dih.  Improper Dih.          LJ-14
    1.11604e+01    1.63832e+01    2.36104e+00    7.16114e-01    1.12428e+00
     Coulomb-14        LJ (SR)   Coulomb (SR)   Coul. recip.      LJ recip.
   -4.68890e+02    2.71907e+03   -8.24309e+03    1.27583e+02   -1.45000e+03
      Potential    Kinetic En.   Total Energy  Conserved En.    Temperature
   -7.28358e+03    6.97171e+02   -6.58641e+03   -7.46642e+03    2.14177e+02
 Pressure (bar)   Constr. rmsd
   -3.13349e+02    3.71785e-06

           Step           Time
           1500        3.00000

   Energies (kJ/mol)
           Bond            U-B    Proper Dih.  Improper Dih.          LJ-14
    2.87042e+00    7.38866e+00    1.59435e-01    6.34505e-02    7.83277e-01
     Coulomb-14        LJ (SR)   Coulomb (SR)   Coul. recip.      LJ recip.
   -4.51554e+02    2.56351e+03   -7.98190e+03    1.33450e+02   -1.44162e+03
      Potential    Kinetic En.   Total Energy  Conserved En.    Temperature
   -7.16684e+03    7.83447e+02   -6.38340e+03   -7.46563e+03    2.40682e+02
 Pressure (bar)   Constr. rmsd
   -1.50041e+03    1.30768e-06

           Step           Time
           2000        4.00000

   Energies (kJ/mol)
           Bond            U-B    Proper Dih.  Improper Dih.          LJ-14
    8.53477e+00    9.74156e+00    2.46804e+00    3.16483e-02    3.30856e-01
     Coulomb-14        LJ (SR)   Coulomb (SR)   Coul. recip.      LJ recip.
   -4.54695e+02    2.59048e+03   -7.94255e+03    1.33826e+02   -1.43900e+03
      Potential    Kinetic En.   Total Energy  Conserved En.    Temperature
   -7.09083e+03    8.94835e+02   -6.19600e+03   -7.46582e+03    2.74901e+02
 Pressure (bar)   Constr. rmsd
    1.87365e+02    1.56038e-06

           Step           Time
           2500        5.00000

   Energies (kJ/mol)
           Bond            U-B    Proper Dih.  Improper Dih.          LJ-14
    5.08959e+00    1.13435e+01    4.20472e-01    2.81409e+00    5.77456e-01
     Coulomb-14        LJ (SR)   Coulomb (SR)   Coul. recip.      LJ recip.
   -4.59146e+02    2.64755e+03   -7.91441e+03    1.38504e+02   -1.44456e+03
      Potential    Kinetic En.   Total Energy  Conserved En.    Temperature
   -7.01181e+03    9.16607e+02   -6.09521e+03   -7.46546e+03    2.81590e+02
 Pressure (bar)   Constr. rmsd
    7.64538e+02    5.30135e-06

           Step           Time
           3000        6.00000

   Energies (kJ/mol)
           Bond            U-B    Proper Dih.  Improper Dih.          LJ-14
    5.66473e+00    1.89575e+01    3.08233e-01    2.00143e-01    2.03724e+00
     Coulomb-14        LJ (SR)   Coulomb (SR)   Coul. recip.      LJ recip.
   -4.79856e+02    2.56000e+03   -7.84363e+03    1.29630e+02   -1.43714e+03
      Potential    Kinetic En.   Total Energy  Conserved En.    Temperature
   -7.04382e+03    9.63923e+02   -6.07990e+03   -7.46727e+03    2.96126e+02
 Pressure (bar)   Constr. rmsd
   -1.09282e+02    2.03472e-06

           Step           Time
           3500        7.00000

   Energies (kJ/mol)
           Bond            U-B    Proper Dih.  Improper Dih.          LJ-14
    2.23021e+00    7.89288e+00    6.72316e-01    4.21263e+00    3.74677e+00
     Coulomb-14        LJ (SR)   Coulomb (SR)   Coul. recip.      LJ recip.
   -4.80950e+02    2.56688e+03   -7.87273e+03    1.41456e+02   -1.44514e+03
      Potential    Kinetic En.   Total Energy  Conserved En.    Temperature
   -7.07172e+03    9.34323e+02   -6.13740e+03   -7.46661e+03    2.87033e+02
 Pressure (bar)   Constr. rmsd
   -4.06866e+02    1.24838e-06

           Step           Time
           4000        8.00000

   Energies (kJ/mol)
           Bond            U-B    Proper Dih.  Improper Dih.          LJ-14
    2.83844e+00    9.51981e+00    1.58706e+00    1.06747e-02    1.22396e+00
     Coulomb-14        LJ (SR)   Coulomb (SR)   Coul. recip.      LJ recip.
   -4.70436e+02    2.49769e+03   -7.74537e+03    1.40297e+02   -1.43856e+03
      Potential    Kinetic En.   Total Energy  Conserved En.    Temperature
   -7.00119e+03    8.95397e+02   -6.10580e+03   -7.46660e+03    2.75074e+02
 Pressure (bar)   Constr. rmsd
   -1.87832e+03    6.49299e-07

           Step           Time
           4500        9.00000

   Energies (kJ/mol)
           Bond            U-B    Proper Dih.  Improper Dih.          LJ-14
    2.42301e+00    1.66933e+01    1.74096e+00    3.44228e-02    5.19259e+00
     Coulomb-14        LJ (SR)   Coulomb (SR)   Coul. recip.      LJ recip.
   -4.89924e+02    2.59813e+03   -7.90688e+03    1.40349e+02   -1.43882e+03
      Potential    Kinetic En.   Total Energy  Conserved En.    Temperature
   -7.07106e+03    9.09848e+02   -6.16121e+03   -7.46571e+03    2.79513e+02
 Pressure (bar)   Constr. rmsd
   -3.29928e+01    3.90854e-07

           Step           Time
           5000       10.00000

   Energies (kJ/mol)
           Bond            U-B    Proper Dih.  Improper Dih.          LJ-14
    4.06225e+00    1.65771e+01    7.05235e-01    2.00126e-01    3.76188e+00
     Coulomb-14        LJ (SR)   Coulomb (SR)   Coul. recip.      LJ recip.
   -4.77973e+02    2.63055e+03   -7.92044e+03    1.60316e+02   -1.44045e+03
      Potential    Kinetic En.   Total Energy  Conserved En.    Temperature
   -7.02269e+03    9.55878e+02   -6.06681e+03   -7.46485e+03    2.93654e+02
 Pressure (bar)   Constr. rmsd
    3.65450e+02    3.18908e-06

           Step           Time
           5500       11.00000

   Energies (kJ/mol)
           Bond            U-B    Proper Dih.  Improper Dih.          LJ-14
    9.24979e+00    2.24540e+01    2.05405e+00    3.95554e-02    5.50621e+00
     Coulomb-14        LJ (SR)   Coulomb (SR)   Coul. recip.      LJ recip.
   -4.89989e+02    2.42813e+03   -7.62545e+03    1.36467e+02   -1.44010e+03
      Potential    Kinetic En.   Total Energy  Conserved En.    Temperature
   -6.95163e+03    9.31760e+02   -6.01987e+03   -7.46570e+03    2.86245e+02
 Pressure (bar)   Constr. rmsd
   -1.75244e+03    2.76418e-06

           Step           Time
           6000       12.00000

   Energies (kJ/mol)
           Bond            U-B    Proper Dih.  Improper Dih.          LJ-14
    1.01635e+01    3.30063e+01    1.76633e+00    7.42564e-01    9.04141e+00
     Coulomb-14        LJ (SR)   Coulomb (SR)   Coul. recip.      LJ recip.
   -4.97381e+02    2.60598e+03   -7.86908e+03    1.39006e+02   -1.43767e+03
      Potential    Kinetic En.   Total Energy  Conserved En.    Temperature
   -7.00442e+03    1.01807e+03   -5.98635e+03   -7.46476e+03    3.12760e+02
 Pressure (bar)   Constr. rmsd
    1.21254e+03    3.19149e-06

           Step           Time
           6500       13.00000

   Energies (kJ/mol)
           Bond            U-B    Proper Dih.  Improper Dih.          LJ-14
    2.13193e+00    2.40004e+01    1.48193e+00    1.12020e+00    1.25872e+01
     Coulomb-14        LJ (SR)   Coulomb (SR)   Coul. recip.      LJ recip.
   -5.08260e+02    2.42344e+03   -7.55304e+03    1.60230e+02   -1.44062e+03
      Potential    Kinetic En.   Total Energy  Conserved En.    Temperature
   -6.87692e+03    9.48713e+02   -5.92821e+03   -7.46433e+03    2.91453e+02
 Pressure (bar)   Constr. rmsd
   -1.33521e+03    3.08681e-06

           Step           Time
           7000       14.00000

   Energies (kJ/mol)
           Bond            U-B    Proper Dih.  Improper Dih.          LJ-14
    5.74085e+00    1.06589e+01    8.01714e-01    2.02559e+00    2.34899e+00
     Coulomb-14        LJ (SR)   Coulomb (SR)   Coul. recip.      LJ recip.
   -4.69757e+02    2.55623e+03   -7.83392e+03    1.51593e+02   -1.44132e+03
      Potential    Kinetic En.   Total Energy  Conserved En.    Temperature
   -7.01559e+03    9.55940e+02   -6.05965e+03   -7.46534e+03    2.93673e+02
 Pressure (bar)   Constr. rmsd
   -8.38633e+01    2.69586e-06

           Step           Time
           7500       15.00000

   Energies (kJ/mol)
           Bond            U-B    Proper Dih.  Improper Dih.          LJ-14
    4.36379e+00    1.26458e+01    1.59413e+00    1.06333e+00    2.22173e+00
     Coulomb-14        LJ (SR)   Coulomb (SR)   Coul. recip.      LJ recip.
   -4.76912e+02    2.62189e+03   -7.84865e+03    1.56924e+02   -1.44431e+03
      Potential    Kinetic En.   Total Energy  Conserved En.    Temperature
   -6.96917e+03    1.01131e+03   -5.95785e+03   -7.46558e+03    3.10685e+02
 Pressure (bar)   Constr. rmsd
    9.43941e+02    1.50514e-06

           Step           Time
           8000       16.00000

   Energies (kJ/mol)
           Bond            U-B    Proper Dih.  Improper Dih.          LJ-14
    1.61895e+00    9.11276e+00    5.65647e-01    2.46466e+00    1.72283e+00
     Coulomb-14        LJ (SR)   Coulomb (SR)   Coul. recip.      LJ recip.
   -4.43555e+02    2.56880e+03   -7.72343e+03    1.50264e+02   -1.44029e+03
      Potential    Kinetic En.   Total Energy  Conserved En.    Temperature
   -6.87273e+03    9.55704e+02   -5.91702e+03   -7.46537e+03    2.93601e+02
 Pressure (bar)   Constr. rmsd
    2.91768e+02    2.22169e-06

           Step           Time
           8500       17.00000

   Energies (kJ/mol)
           Bond            U-B    Proper Dih.  Improper Dih.          LJ-14
    1.83241e+00    1.15011e+01    6.00970e-01    7.67908e+00    1.80873e+00
     Coulomb-14        LJ (SR)   Coulomb (SR)   Coul. recip.      LJ recip.
   -4.72504e+02    2.53513e+03   -7.74433e+03    1.37088e+02   -1.44404e+03
      Potential    Kinetic En.   Total Energy  Conserved En.    Temperature
   -6.96524e+03    9.47346e+02   -6.01789e+03   -7.46549e+03    2.91033e+02
 Pressure (bar)   Constr. rmsd
   -2.60731e+02    1.31536e-06

           Step           Time
           9000       18.00000

   Energies (kJ/mol)
           Bond            U-B    Proper Dih.  Improper Dih.          LJ-14
    4.09331e+00    2.62729e+01    4.33678e-01    3.04918e+00    9.78506e+00
     Coulomb-14        LJ (SR)   Coulomb (SR)   Coul. recip.      LJ recip.
   -5.01119e+02    2.60106e+03   -7.75714e+03    1.43943e+02   -1.44388e+03
      Potential    Kinetic En.   Total Energy  Conserved En.    Temperature
   -6.91350e+03    9.48047e+02   -5.96546e+03   -7.46367e+03    2.91249e+02
 Pressure (bar)   Constr. rmsd
    1.39179e+03    1.96846e-06

           Step           Time
           9500       19.00000

   Energies (kJ/mol)
           Bond            U-B    Proper Dih.  Improper Dih.          LJ-14
    2.64345e+00    1.73133e+01    7.10499e-01    1.27124e+00    3.13557e+00
     Coulomb-14        LJ (SR)   Coulomb (SR)   Coul. recip.      LJ recip.
   -4.83648e+02    2.64105e+03   -7.87067e+03    1.58358e+02   -1.44346e+03
      Potential    Kinetic En.   Total Energy  Conserved En.    Temperature
   -6.97331e+03    1.02589e+03   -5.94741e+03   -7.46392e+03    3.15163e+02
 Pressure (bar)   Constr. rmsd
    1.16473e+03    7.29713e-06

           Step           Time
          10000       20.00000

   Energies (kJ/mol)
           Bond            U-B    Proper Dih.  Improper Dih.          LJ-14
    7.59229e-01    2.05386e+01    3.05700e-01    8.41450e+00    9.00669e+00
     Coulomb-14        LJ (SR)   Coulomb (SR)   Coul. recip.      LJ recip.
   -4.93805e+02    2.55281e+03   -7.74493e+03    1.50410e+02   -1.44165e+03
      Potential    Kinetic En.   Total Energy  Conserved En.    Temperature
   -6.93814e+03    1.04177e+03   -5.89637e+03   -7.46470e+03    3.20041e+02
 Pressure (bar)   Constr. rmsd
    3.48096e+02    5.33009e-06

           Step           Time
          10500       21.00000

   Energies (kJ/mol)
           Bond            U-B    Proper Dih.  Improper Dih.          LJ-14
    1.01481e+00    3.18493e+00    5.43770e-01    3.64655e+00    6.87635e-01
     Coulomb-14        LJ (SR)   Coulomb (SR)   Coul. recip.      LJ recip.
   -4.54980e+02    2.63487e+03   -7.81408e+03    1.55654e+02   -1.44216e+03
      Potential    Kinetic En.   Total Energy  Conserved En.    Temperature
   -6.91162e+03    9.87827e+02   -5.92379e+03   -7.46365e+03    3.03469e+02
 Pressure (bar)   Constr. rmsd
    1.21165e+03    1.95427e-06

           Step           Time
          11000       22.00000

   Energies (kJ/mol)
           Bond            U-B    Proper Dih.  Improper Dih.          LJ-14
    4.46456e+00    1.64862e+01    1.66473e+00    6.58019e-01    3.41332e+00
     Coulomb-14        LJ (SR)   Coulomb (SR)   Coul. recip.      LJ recip.
   -4.80761e+02    2.40050e+03   -7.47455e+03    1.54830e+02   -1.43935e+03
      Potential    Kinetic En.   Total Energy  Conserved En.    Temperature
   -6.81264e+03    9.12007e+02   -5.90064e+03   -7.46388e+03    2.80177e+02
 Pressure (bar)   Constr. rmsd
   -1.95560e+03    9.94999e-07

           Step           Time
          11500       23.00000

   Energies (kJ/mol)
           Bond            U-B    Proper Dih.  Improper Dih.          LJ-14
    5.00207e+00    1.88880e+01    1.98758e-01    2.67504e-01    6.42642e+00
     Coulomb-14        LJ (SR)   Coulomb (SR)   Coul. recip.      LJ recip.
   -4.90080e+02    2.52761e+03   -7.62744e+03    1.59072e+02   -1.44314e+03
      Potential    Kinetic En.   Total Energy  Conserved En.    Temperature
   -6.84320e+03    9.67445e+02   -5.87575e+03   -7.46323e+03    2.97208e+02
 Pressure (bar)   Constr. rmsd
    6.02918e+02    6.71710e-07

           Step           Time
          12000       24.00000

   Energies (kJ/mol)
           Bond            U-B    Proper Dih.  Improper Dih.          LJ-14
    1.60426e+00    2.40591e+01    2.21261e+00    5.08375e-03    3.29239e+00
     Coulomb-14        LJ (SR)   Coulomb (SR)   Coul. recip.      LJ recip.
   -4.81581e+02    2.31946e+03   -7.48594e+03    1.42742e+02   -1.43720e+03
      Potential    Kinetic En.   Total Energy  Conserved En.    Temperature
   -6.91134e+03    1.07892e+03   -5.83242e+03   -7.46364e+03    3.31455e+02
 Pressure (bar)   Constr. rmsd
   -2.48173e+03    3.76973e-07

           Step           Time
          12500       25.00000

   Energies (kJ/mol)
           Bond            U-B    Proper Dih.  Improper Dih.          LJ-14
    1.14694e+01    2.09858e+01    1.90966e+00    3.88756e+00    2.89317e+00
     Coulomb-14        LJ (SR)   Coulomb (SR)   Coul. recip.      LJ recip.
   -4.56690e+02    2.41919e+03   -7.49797e+03    1.57657e+02   -1.43797e+03
      Potential    Kinetic En.   Total Energy  Conserved En.    Temperature
   -6.77464e+03    9.62697e+02   -5.81194e+03   -7.46257e+03    2.95749e+02
 Pressure (bar)   Constr. rmsd
   -1.37732e+03    1.70334e-06

           Step           Time
          13000       26.00000

   Energies (kJ/mol)
           Bond            U-B    Proper Dih.  Improper Dih.          LJ-14
    4.24084e+00    1.58959e+01    2.48490e-01    4.00504e+00    7.65516e+00
     Coulomb-14        LJ (SR)   Coulomb (SR)   Coul. recip.      LJ recip.
   -4.95924e+02    2.52469e+03   -7.52674e+03    1.59703e+02   -1.44319e+03
      Potential    Kinetic En.   Total Energy  Conserved En.    Temperature
   -6.74941e+03    9.73212e+02   -5.77620e+03   -7.46314e+03    2.98980e+02
 Pressure (bar)   Constr. rmsd
    8.79503e+02    1.93202e-06

           Step           Time
          13500       27.00000

   Energies (kJ/mol)
           Bond            U-B    Proper Dih.  Improper Dih.          LJ-14
    3.14136e+00    1.05123e+01    2.43068e+00    1.84472e+00    1.66812e+00
     Coulomb-14        LJ (SR)   Coulomb (SR)   Coul. recip.      LJ recip.
   -4.68746e+02    2.49388e+03   -7.60202e+03    1.55999e+02   -1.44830e+03
      Potential    Kinetic En.   Total Energy  Conserved En.    Temperature
   -6.84959e+03    1.01789e+03   -5.83171e+03   -7.46444e+03    3.12704e+02
 Pressure (bar)   Constr. rmsd
    3.10924e+02    6.49627e-06

           Step           Time
          14000       28.00000

   Energies (kJ/mol)
           Bond            U-B    Proper Dih.  Improper Dih.          LJ-14
    7.31511e+00    1.36014e+01    8.66897e-01    3.44416e+00    2.90697e+00
     Coulomb-14        LJ (SR)   Coulomb (SR)   Coul. recip.      LJ recip.
   -4.73787e+02    2.32900e+03   -7.43853e+03    1.72648e+02   -1.43640e+03
      Potential    Kinetic En.   Total Energy  Conserved En.    Temperature
   -6.81893e+03    9.79023e+02   -5.83991e+03   -7.46248e+03    3.00765e+02
 Pressure (bar)   Constr. rmsd
   -2.03004e+03    4.85220e-06

           Step           Time
          14500       29.00000

   Energies (kJ/mol)
           Bond            U-B    Proper Dih.  Improper Dih.          LJ-14
    4.45499e+00    1.47506e+01    4.69899e-01    6.31500e-01    4.25105e+00
     Coulomb-14        LJ (SR)   Coulomb (SR)   Coul. recip.      LJ recip.
   -4.84520e+02    2.60431e+03   -7.70446e+03    1.75500e+02   -1.44743e+03
      Potential    Kinetic En.   Total Energy  Conserved En.    Temperature
   -6.83204e+03    9.69692e+02   -5.86235e+03   -7.46258e+03    2.97898e+02
 Pressure (bar)   Constr. rmsd
    1.12993e+03    9.80419e-06

           Step           Time
          15000       30.00000

   Energies (kJ/mol)
           Bond            U-B    Proper Dih.  Improper Dih.          LJ-14
    4.49494e+00    2.34072e+01    1.80021e-01    3.33676e-01    1.12401e+01
     Coulomb-14        LJ (SR)   Coulomb (SR)   Coul. recip.      LJ recip.
   -5.01528e+02    2.49507e+03   -7.66901e+03    1.57436e+02   -1.43733e+03
      Potential    Kinetic En.   Total Energy  Conserved En.    Temperature
   -6.91570e+03    9.68026e+02   -5.94768e+03   -7.46234e+03    2.97386e+02
 Pressure (bar)   Constr. rmsd
    1.00704e+02    2.97048e-06

           Step           Time
          15500       31.00000

   Energies (kJ/mol)
           Bond            U-B    Proper Dih.  Improper Dih.          LJ-14
    1.38377e+00    2.11290e+01    8.79079e-01    4.51426e-01    7.29745e+00
     Coulomb-14        LJ (SR)   Coulomb (SR)   Coul. recip.      LJ recip.
   -4.96508e+02    2.60450e+03   -7.86957e+03    1.51585e+02   -1.44524e+03
      Potential    Kinetic En.   Total Energy  Conserved En.    Temperature
   -7.02409e+03    9.92594e+02   -6.03149e+03   -7.46313e+03    3.04934e+02
 Pressure (bar)   Constr. rmsd
    2.97960e+02    1.64822e-06

           Step           Time
          16000       32.00000

   Energies (kJ/mol)
           Bond            U-B    Proper Dih.  Improper Dih.          LJ-14
    5.60220e+00    7.82925e+00    6.41818e-02    3.09922e-01    9.18666e-01
     Coulomb-14        LJ (SR)   Coulomb (SR)   Coul. recip.      LJ recip.
   -4.62679e+02    2.64510e+03   -7.80427e+03    1.54974e+02   -1.44564e+03
      Potential    Kinetic En.   Total Energy  Conserved En.    Temperature
   -6.89779e+03    8.55090e+02   -6.04270e+03   -7.46124e+03    2.62691e+02
 Pressure (bar)   Constr. rmsd
    1.37110e+03    1.34562e-06

           Step           Time
          16500       33.00000

   Energies (kJ/mol)
           Bond            U-B    Proper Dih.  Improper Dih.          LJ-14
    3.87078e+00    2.31091e+01    3.58596e-01    5.28745e-03    1.36808e+01
     Coulomb-14        LJ (SR)   Coulomb (SR)   Coul. recip.      LJ recip.
   -5.10715e+02    2.58639e+03   -7.82155e+03    1.48504e+02   -1.44093e+03
      Potential    Kinetic En.   Total Energy  Conserved En.    Temperature
   -6.99727e+03    1.00366e+03   -5.99361e+03   -7.46231e+03    3.08334e+02
 Pressure (bar)   Constr. rmsd
    8.94956e+02    1.74388e-06

           Step           Time
          17000       34.00000

   Energies (kJ/mol)
           Bond            U-B    Proper Dih.  Improper Dih.          LJ-14
    1.17893e+00    2.48458e+01    2.07079e+00    6.48906e-01    6.66691e+00
     Coulomb-14        LJ (SR)   Coulomb (SR)   Coul. recip.      LJ recip.
   -4.97555e+02    2.54602e+03   -7.70350e+03    1.55354e+02   -1.44178e+03
      Potential    Kinetic En.   Total Energy  Conserved En.    Temperature
   -6.90605e+03    9.49582e+02   -5.95646e+03   -7.46199e+03    2.91720e+02
 Pressure (bar)   Constr. rmsd
   -7.63206e+02    6.31734e-07

           Step           Time
          17500       35.00000

   Energies (kJ/mol)
           Bond            U-B    Proper Dih.  Improper Dih.          LJ-14
    1.12564e+01    1.15755e+01    4.85673e-01    6.37317e-01    1.53772e+00
     Coulomb-14        LJ (SR)   Coulomb (SR)   Coul. recip.      LJ recip.
   -4.46450e+02    2.46243e+03   -7.62281e+03    1.66645e+02   -1.43877e+03
      Potential    Kinetic En.   Total Energy  Conserved En.    Temperature
   -6.85346e+03    9.32831e+02   -5.92063e+03   -7.46165e+03    2.86574e+02
 Pressure (bar)   Constr. rmsd
    3.17787e+02    6.38262e-07

           Step           Time
          18000       36.00000

   Energies (kJ/mol)
           Bond            U-B    Proper Dih.  Improper Dih.          LJ-14
    2.62243e+00    1.45679e+01    4.92236e-01    2.47756e+00    2.11324e+00
     Coulomb-14        LJ (SR)   Coulomb (SR)   Coul. recip.      LJ recip.
   -4.75435e+02    2.38060e+03   -7.41950e+03    1.62152e+02   -1.44186e+03
      Potential    Kinetic En.   Total Energy  Conserved En.    Temperature
   -6.77177e+03    9.62916e+02   -5.80885e+03   -7.46219e+03    2.95817e+02
 Pressure (bar)   Constr. rmsd
   -9.96214e+02    1.38166e-06

           Step           Time
          18500       37.00000

   Energies (kJ/mol)
           Bond            U-B    Proper Dih.  Improper Dih.          LJ-14
    2.40878e+00    1.76439e+01    7.21272e-01    1.62577e+00    3.57123e+00
     Coulomb-14        LJ (SR)   Coulomb (SR)   Coul. recip.      LJ recip.
   -4.83503e+02    2.51961e+03   -7.57209e+03    1.54174e+02   -1.44423e+03
      Potential    Kinetic En.   Total Energy  Conserved En.    Temperature
   -6.80006e+03    1.08205e+03   -5.71801e+03   -7.46327e+03    3.32414e+02
 Pressure (bar)   Constr. rmsd
    7.38464e+02    6.51229e-06

           Step           Time
          19000       38.00000

   Energies (kJ/mol)
           Bond            U-B    Proper Dih.  Improper Dih.          LJ-14
    5.86588e+00    2.59418e+01    1.47413e+00    2.81311e-01    3.33235e+00
     Coulomb-14        LJ (SR)   Coulomb (SR)   Coul. recip.      LJ recip.
   -4.80939e+02    2.36335e+03   -7.36728e+03    1.59992e+02   -1.43726e+03
      Potential    Kinetic En.   Total Energy  Conserved En.    Temperature
   -6.72524e+03    9.75481e+02   -5.74976e+03   -7.46141e+03    2.99677e+02
 Pressure (bar)   Constr. rmsd
   -1.26808e+03    2.92913e-06

           Step           Time
          19500       39.00000

   Energies (kJ/mol)
           Bond            U-B    Proper Dih.  Improper Dih.          LJ-14
    5.94449e+00    2.40199e+01    1.63455e+00    6.82607e+00    6.87272e+00
     Coulomb-14        LJ (SR)   Coulomb (SR)   Coul. recip.      LJ recip.
   -5.01903e+02    2.40949e+03   -7.48249e+03    1.71118e+02   -1.44216e+03
      Potential    Kinetic En.   Total Energy  Conserved En.    Temperature
   -6.80065e+03    9.79938e+02   -5.82071e+03   -7.46303e+03    3.01046e+02
 Pressure (bar)   Constr. rmsd
   -5.52611e+02    2.30848e-07

           Step           Time
          20000       40.00000

Writing checkpoint, step 20000 at Thu Dec 18 16:20:09 2025


   Energies (kJ/mol)
           Bond            U-B    Proper Dih.  Improper Dih.          LJ-14
    3.45038e+00    1.55467e+01    1.05835e+00    8.16646e+00    7.25591e+00
     Coulomb-14        LJ (SR)   Coulomb (SR)   Coul. recip.      LJ recip.
   -4.93380e+02    2.48696e+03   -7.55731e+03    1.59984e+02   -1.43940e+03
      Potential    Kinetic En.   Total Energy  Conserved En.    Temperature
   -6.80767e+03    1.00744e+03   -5.80022e+03   -7.46258e+03    3.09495e+02
 Pressure (bar)   Constr. rmsd
    2.49328e+02    1.46325e-06


Energy conservation over simulation part #1 of length 40 ps, time 0 to 40 ps
  Conserved energy drift: 6.53e-04 kJ/mol/ps per atom


	<======  ###############  ==>
	<====  A V E R A G E S  ====>
	<==  ###############  ======>

	Statistics over 20001 steps using 201 frames

   Energies (kJ/mol)
           Bond            U-B    Proper Dih.  Improper Dih.          LJ-14
    4.52878e+00    1.77785e+01    1.00603e+00    1.48727e+00    4.01834e+00
     Coulomb-14        LJ (SR)   Coulomb (SR)   Coul. recip.      LJ recip.
   -4.80828e+02    2.53314e+03   -7.74078e+03    1.51084e+02   -1.44229e+03
      Potential    Kinetic En.   Total Energy  Conserved En.    Temperature
   -6.95085e+03    9.35943e+02   -6.01491e+03   -7.46431e+03    2.87530e+02
 Pressure (bar)   Constr. rmsd
   -2.34690e+02    0.00000e+00

   Total Virial (kJ/mol)
    3.45583e+02    8.53634e+00   -1.76824e+01
    8.53972e+00    3.21560e+02   -6.54752e+00
   -1.76781e+01   -6.54919e+00    3.51010e+02

   Pressure (bar)
   -2.91450e+02   -6.65814e+01    1.57551e+02
   -6.66104e+01   -8.40919e+01    6.04817e+01
    1.57514e+02    6.04960e+01   -3.28529e+02


	M E G A - F L O P S   A C C O U N T I N G

 NB=Group-cutoff nonbonded kernels    NxN=N-by-N cluster Verlet kernels
 RF=Reaction-Field  VdW=Van der Waals  QSTab=quadratic-spline table
 W3=SPC/TIP3p  W4=TIP4p (single or pairs)
 V&F=Potential and force  V=Potential only  F=Force only

 Computing:                               M-Number         M-Flops  % Flops
-----------------------------------------------------------------------------
 Pair Search distance check              18.351488         165.163     0.0
 NxN Ewald Elec. + LJ [F]              4914.387904      501267.566    91.9
 NxN Ewald Elec. + LJ [V&F]              49.945344        6992.348     1.3
 Calc Weights                            31.141557        1121.096     0.2
 Spread Q Bspline                      1328.706432        2657.413     0.5
 Gather F Bspline                      1328.706432        7972.239     1.5
 3D-FFT                                2507.485368       20059.883     3.7
 Solve PME                               62.723136        4014.281     0.7
 Shift-X                                  0.415719           2.494     0.0
 Virial                                   0.113364           2.041     0.0
 Stop-CM                                  0.104838           1.048     0.0
 Calc-Ekin                                0.208638           5.633     0.0
 Lincs                                    0.060009           3.601     0.0
 Lincs-Mat                                0.720108           2.880     0.0
 Constraint-V                             7.800780          70.207     0.0
 Constraint-Vir                           0.077787           1.867     0.0
 Settle                                   2.560384         947.342     0.2
 Virtual Site 3                           2.585856          95.677     0.0
-----------------------------------------------------------------------------
 Total                                                  545382.779   100.0
-----------------------------------------------------------------------------


      R E A L   C Y C L E   A N D   T I M E   A C C O U N T I N G

On 1 MPI rank, each using 12 OpenMP threads

 Activity:              Num   Num      Call    Wall time         Giga-Cycles
                        Ranks Threads  Count      (s)         total sum    %
--------------------------------------------------------------------------------
 Vsite constr.             1   12      20001       0.104          4.362   2.7
 Neighbor search           1   12        801       0.080          3.356   2.1
 Launch PP GPU ops.        1   12      20001       0.321         13.516   8.4
 Force                     1   12      20001       0.015          0.634   0.4
 PME mesh                  1   12      20001       2.461        103.492  64.6
 Wait Bonded GPU           1   12        201       0.000          0.020   0.0
 Wait GPU NB local         1   12      20001       0.024          1.008   0.6
 NB X/F buffer ops.        1   12      39201       0.193          8.128   5.1
 Vsite spread              1   12      20202       0.140          5.881   3.7
 Write traj.               1   12          5       0.014          0.598   0.4
 Update                    1   12      20001       0.179          7.520   4.7
 Constraints               1   12      20003       0.179          7.515   4.7
 Rest                                              0.097          4.100   2.6
--------------------------------------------------------------------------------
 Total                                             3.808        160.131 100.0
--------------------------------------------------------------------------------
 Breakdown of PME mesh activities
--------------------------------------------------------------------------------
 PME spread                1   12      40002       0.758         31.853  19.9
 PME gather                1   12      40002       0.862         36.263  22.6
 PME 3D-FFT                1   12      80004       0.651         27.375  17.1
 PME solve LJ              1   12      20001       0.041          1.725   1.1
 PME solve Elec            1   12      20001       0.021          0.881   0.5
--------------------------------------------------------------------------------

               Core t (s)   Wall t (s)        (%)
       Time:       45.698        3.808     1200.0
                 (ns/day)    (hour/ns)
Performance:      907.553        0.026
Finished mdrun on rank 0 Thu Dec 18 16:20:09 2025

